IQ-TREE multicore version 1.6.5 for Mac OS X 64-bit built May 10 2018
Developed by Bui Quang Minh, Nguyen Lam Tung, Olga Chernomor,
Heiko Schmidt, Dominik Schrempf, Michael Woodhams.

Host:    omearalab25.nomad.utk.edu (AVX2, FMA3, 16 GB RAM)
Command: iqtree -s combined.fasta -st CODON -nt AUTO
Seed:    683565 (Using SPRNG - Scalable Parallel Random Number Generator)
Time:    Wed Aug 15 10:01:56 2018
Kernel:  AVX+FMA - auto-detect threads (8 CPU cores detected)

Reading alignment file combined.fasta ... Fasta format detected
Alignment most likely contains DNA/RNA sequences
Converting to codon sequences with genetic code  ...
WARNING: Sequence Scas has ambiguous character NCA at site 68833
Alignment has 6 sequences with 49881 columns, 27623 distinct patterns
17645 parsimony-informative, 27406 singleton sites, 4830 constant sites
      Gap/Ambiguity  Composition  p-value
   1  Scer    0.12%    failed      0.21%
   2  Scas    2.69%    failed      0.00%
   3  Skud    0.51%    failed      0.00%
   4  Cgla    3.09%    failed      0.00%
   5  Spar    0.09%    failed      0.32%
   6  Smik    0.08%    failed      0.80%
****  TOTAL    1.10%  6 sequences failed composition chi2 test (p-value<5%; df=60)

Creating fast initial parsimony tree by random order stepwise addition...
0.008 seconds, parsimony score: 97731 (based on 45051 sites)
NOTE: ModelFinder requires 776 MB RAM!
ModelFinder will test 195 codon models (sample size: 49881) ...
 No. Model         -LnL         df  AIC          AICc         BIC
Measuring multi-threading efficiency up to 8 CPU cores
Increase to 10 rounds for branch lengths
5 trees examined
Threads: 1 / Time: 8.579 sec / Speedup: 1.000 / Efficiency: 100% / LogL: -694593
Threads: 2 / Time: 4.748 sec / Speedup: 1.807 / Efficiency: 90% / LogL: -694593
Threads: 3 / Time: 3.549 sec / Speedup: 2.417 / Efficiency: 81% / LogL: -694593
Threads: 4 / Time: 3.048 sec / Speedup: 2.815 / Efficiency: 70% / LogL: -694593
Threads: 5 / Time: 2.995 sec / Speedup: 2.864 / Efficiency: 57% / LogL: -694593
Threads: 6 / Time: 2.818 sec / Speedup: 3.045 / Efficiency: 51% / LogL: -694593
Threads: 7 / Time: 2.807 sec / Speedup: 3.056 / Efficiency: 44% / LogL: -694593
BEST NUMBER OF THREADS: 6

  1  MG+F1X4       623674.929   13  1247375.859  1247375.866  1247490.485
  2  MG+F1X4+I     622158.028   14  1244344.057  1244344.065  1244467.500
  3  MG+F1X4+G4    616886.647   14  1233801.295  1233801.303  1233924.739
  4  MG+F1X4+I+G4  616889.025   15  1233808.050  1233808.059  1233940.310
  5  MG+F1X4+R2    616483.377   15  1232996.753  1232996.763  1233129.014
  6  MG+F1X4+R3    615595.729   17  1231225.458  1231225.470  1231375.354
  7  MG+F1X4+R4    615589.657   19  1231217.314  1231217.329  1231384.845
 14  MG+F3X4       620567.024   19  1241172.049  1241172.064  1241339.579
 15  MG+F3X4+I     619181.597   20  1238403.194  1238403.211  1238579.542
 16  MG+F3X4+G4    613853.633   20  1227747.267  1227747.284  1227923.615
 17  MG+F3X4+I+G4  613855.697   21  1227753.394  1227753.413  1227938.560
 18  MG+F3X4+R2    613158.921   21  1226359.843  1226359.861  1226545.008
 19  MG+F3X4+R3    612368.637   23  1224783.274  1224783.296  1224986.074
 20  MG+F3X4+R4    612355.111   25  1224760.222  1224760.248  1224980.657
 21  MG+F3X4+R5    612335.540   27  1224725.080  1224725.111  1224963.150
 22  MG+F3X4+R6    612312.731   29  1224683.462  1224683.497  1224939.166
 23  MG+F3X4+R7    612289.852   31  1224641.704  1224641.744  1224915.044
 24  MG+F3X4+R8    612289.347   33  1224644.695  1224644.740  1224935.669
 27  MGK+F1X4      617350.803   14  1234729.606  1234729.614  1234853.049
 28  MGK+F1X4+I    615826.014   15  1231682.029  1231682.039  1231814.290
 29  MGK+F1X4+G4   610272.549   15  1220575.098  1220575.108  1220707.359
 30  MGK+F1X4+I+G4 610273.869   16  1220579.737  1220579.748  1220720.815
 31  MGK+F1X4+R2   609820.224   16  1219672.447  1219672.458  1219813.526
 32  MGK+F1X4+R3   608907.434   18  1217850.868  1217850.882  1218009.581
 33  MGK+F1X4+R4   608883.412   20  1217806.825  1217806.842  1217983.173
 34  MGK+F1X4+R5   608878.750   22  1217801.500  1217801.520  1217995.482
 40  MGK+F3X4      614642.270   20  1229324.540  1229324.557  1229500.888
 41  MGK+F3X4+I    613205.973   21  1226453.947  1226453.965  1226639.112
 42  MGK+F3X4+G4   607661.736   21  1215365.473  1215365.491  1215550.638
 43  MGK+F3X4+I+G4 607663.002   22  1215370.004  1215370.024  1215563.987
 44  MGK+F3X4+R2   606960.335   22  1213964.669  1213964.690  1214158.652
 45  MGK+F3X4+R3   606057.362   24  1212162.724  1212162.748  1212374.342
 46  MGK+F3X4+R4   606037.253   26  1212126.506  1212126.534  1212355.758
 47  MGK+F3X4+R5   606032.528   28  1212121.056  1212121.088  1212367.943
 53  GY+F1X4       617743.621   14  1235515.243  1235515.251  1235638.686
 54  GY+F1X4+I     616171.021   15  1232372.042  1232372.052  1232504.303
 55  GY+F1X4+G4    610206.805   15  1220443.611  1220443.620  1220575.872
 56  GY+F1X4+I+G4  610207.644   16  1220447.288  1220447.299  1220588.366
 57  GY+F1X4+R2    609813.251   16  1219658.501  1219658.512  1219799.580
 58  GY+F1X4+R3    608888.731   18  1217813.463  1217813.476  1217972.176
 59  GY+F1X4+R4    608866.096   20  1217772.191  1217772.208  1217948.539
 60  GY+F1X4+R5    608842.056   22  1217728.113  1217728.133  1217922.096
 61  GY+F1X4+R6    608839.108   24  1217726.216  1217726.240  1217937.834
 66  GY+F3X4       615826.830   20  1231693.659  1231693.676  1231870.007
 67  GY+F3X4+I     614457.341   21  1228956.683  1228956.701  1229141.848
 68  GY+F3X4+G4    607742.704   21  1215527.409  1215527.427  1215712.574
 69  GY+F3X4+I+G4  607743.718   22  1215531.436  1215531.456  1215725.419
 70  GY+F3X4+R2    607142.710   22  1214329.421  1214329.441  1214523.404
 71  GY+F3X4+R3    606211.942   24  1212471.884  1212471.908  1212683.501
 72  GY+F3X4+R4    606181.151   26  1212414.301  1212414.330  1212643.554
 73  GY+F3X4+R5    606154.193   28  1212364.385  1212364.418  1212611.272
 74  GY+F3X4+R6    606152.612   30  1212365.224  1212365.262  1212629.746
 79  GY+F          608565.419   71  1217272.837  1217273.043  1217898.872
 80  GY+F+I        607640.052   72  1215424.104  1215424.315  1216058.956
 81  GY+F+G4       600946.335   72  1202036.670  1202036.881  1202671.522
 82  GY+F+I+G4     600946.816   73  1202039.633  1202039.850  1202683.303
 83  GY+F+R2       599662.296   73  1199470.592  1199470.809  1200114.262
 84  GY+F+R3       599091.821   75  1198333.643  1198333.872  1198994.947
 85  GY+F+R4       599017.101   77  1198188.201  1198188.442  1198867.141
 86  GY+F+R5       599010.231   79  1198178.461  1198178.715  1198875.036
 92  KOSI07+FU     630148.861   9   1260315.723  1260315.726  1260395.079
 93  KOSI07+FU+I   627801.982   10  1255623.963  1255623.968  1255712.137
 94  KOSI07+FU+G4  624313.572   10  1248647.143  1248647.148  1248735.317
 95  KOSI07+FU+I+G4 624312.591   11  1248647.182  1248647.187  1248744.173
 96  KOSI07+FU+R2  622428.596   11  1244879.193  1244879.198  1244976.184
 97  KOSI07+FU+R3  617299.959   13  1234625.918  1234625.925  1234740.544
 98  KOSI07+FU+R4  615915.771   15  1231861.541  1231861.551  1231993.802
 99  KOSI07+FU+R5  614453.782   17  1228941.564  1228941.576  1229091.460
100  KOSI07+FU+R6  614271.637   19  1228581.274  1228581.289  1228748.805
WARNING: Log-likelihood of KOSI07+FU+R7 worse than KOSI07+FU+R6
101  KOSI07+FU+R7  614771.818   21  1229585.637  1229585.655  1229770.802
105  KOSI07+F1X4   627290.409   12  1254604.818  1254604.824  1254710.626
106  KOSI07+F1X4+I 625424.336   13  1250874.672  1250874.679  1250989.298
107  KOSI07+F1X4+G4 620862.714   13  1241751.427  1241751.435  1241866.053
108  KOSI07+F1X4+I+G4 620862.337   14  1241752.674  1241752.682  1241876.117
109  KOSI07+F1X4+R2 619778.599   14  1239585.197  1239585.206  1239708.641
110  KOSI07+F1X4+R3 614555.756   16  1229143.513  1229143.524  1229284.591
111  KOSI07+F1X4+R4 612994.747   18  1226025.493  1226025.507  1226184.206
112  KOSI07+F1X4+R5 612311.129   20  1224662.259  1224662.276  1224838.607
113  KOSI07+F1X4+R6 611809.140   22  1223662.281  1223662.301  1223856.264
114  KOSI07+F1X4+R7 611353.439   24  1222754.878  1222754.902  1222966.496
115  KOSI07+F1X4+R8 610601.478   26  1221254.956  1221254.984  1221484.208
WARNING: Log-likelihood of KOSI07+F1X4+R9 worse than KOSI07+F1X4+R8
116  KOSI07+F1X4+R9 613258.914   28  1226573.828  1226573.861  1226820.715
118  KOSI07+F3X4   619603.982   18  1239243.965  1239243.979  1239402.678
119  KOSI07+F3X4+I 618071.749   19  1236181.497  1236181.512  1236349.028
120  KOSI07+F3X4+G4 612932.374   19  1225902.748  1225902.763  1226070.278
121  KOSI07+F3X4+I+G4 612932.299   20  1225904.598  1225904.615  1226080.946
122  KOSI07+F3X4+R2 611864.527   20  1223769.055  1223769.072  1223945.403
123  KOSI07+F3X4+R3 609568.986   22  1219181.971  1219181.992  1219375.954
124  KOSI07+F3X4+R4 608554.123   24  1217156.246  1217156.270  1217367.864
125  KOSI07+F3X4+R5 607828.640   26  1215709.280  1215709.308  1215938.532
126  KOSI07+F3X4+R6 607320.597   28  1214697.194  1214697.226  1214944.081
127  KOSI07+F3X4+R7 606913.042   30  1213886.085  1213886.122  1214150.607
128  KOSI07+F3X4+R8 606321.986   32  1212707.972  1212708.015  1212990.129
129  KOSI07+F3X4+R9 605979.079   34  1212026.157  1212026.205  1212325.948
WARNING: Log-likelihood of KOSI07+F3X4+R10 worse than KOSI07+F3X4+R9
130  KOSI07+F3X4+R10 607370.189   36  1214812.379  1214812.432  1215129.805
131  KOSI07+F      611155.060   69  1222448.120  1222448.314  1223056.521
132  KOSI07+F+I    610256.537   70  1220653.075  1220653.274  1221270.292
133  KOSI07+F+G4   604152.163   70  1208444.326  1208444.525  1209061.543
134  KOSI07+F+I+G4 604152.100   71  1208446.200  1208446.405  1209072.235
135  KOSI07+F+R2   603127.555   71  1206397.109  1206397.314  1207023.144
136  KOSI07+F+R3   601537.854   73  1203221.707  1203221.924  1203865.377
137  KOSI07+F+R4   600571.657   75  1201293.313  1201293.542  1201954.618
138  KOSI07+F+R5   599853.987   77  1199861.974  1199862.215  1200540.914
139  KOSI07+F+R6   599336.808   79  1198831.616  1198831.870  1199528.191
140  KOSI07+F+R7   598939.539   81  1198041.077  1198041.344  1198755.286
141  KOSI07+F+R8   598608.676   83  1197383.352  1197383.632  1198115.196
142  KOSI07+F+R9   598325.890   85  1196821.779  1196822.073  1197571.258
143  KOSI07+F+R10  598030.629   87  1196235.259  1196235.566  1197002.372
144  SCHN05+FU     643334.060   9   1286686.121  1286686.125  1286765.477
145  SCHN05+FU+I   640485.350   10  1280990.701  1280990.705  1281078.875
146  SCHN05+FU+G4  633625.071   10  1267270.142  1267270.147  1267358.316
147  SCHN05+FU+I+G4 633625.003   11  1267272.005  1267272.011  1267368.997
148  SCHN05+FU+R2  632325.365   11  1264672.731  1264672.736  1264769.722
149  SCHN05+FU+R3  628994.069   13  1258014.137  1258014.144  1258128.763
150  SCHN05+FU+R4  627432.901   15  1254895.802  1254895.812  1255028.063
151  SCHN05+FU+R5  626269.029   17  1252572.057  1252572.070  1252721.953
152  SCHN05+FU+R6  625485.515   19  1251009.030  1251009.045  1251176.561
153  SCHN05+FU+R7  624915.767   21  1249873.535  1249873.553  1250058.700
154  SCHN05+FU+R8  624407.628   23  1248861.256  1248861.278  1249064.056
155  SCHN05+FU+R9  623892.891   25  1247835.781  1247835.807  1248056.216
156  SCHN05+FU+R10 623378.093   27  1246810.186  1246810.216  1247048.256
157  SCHN05+F1X4   635039.022   12  1270102.045  1270102.051  1270207.853
158  SCHN05+F1X4+I 633182.970   13  1266391.941  1266391.948  1266506.567
159  SCHN05+F1X4+G4 624398.450   13  1248822.900  1248822.907  1248937.526
160  SCHN05+F1X4+I+G4 624398.416   14  1248824.831  1248824.839  1248948.275
161  SCHN05+F1X4+R2 623541.357   14  1247110.714  1247110.723  1247234.158
162  SCHN05+F1X4+R3 621058.950   16  1242149.900  1242149.911  1242290.978
163  SCHN05+F1X4+R4 618973.802   18  1237983.605  1237983.618  1238142.318
164  SCHN05+F1X4+R5 617068.226   20  1234176.453  1234176.469  1234352.801
165  SCHN05+F1X4+R6 615584.238   22  1231212.475  1231212.495  1231406.458
166  SCHN05+F1X4+R7 614535.282   24  1229118.564  1229118.588  1229330.182
167  SCHN05+F1X4+R8 613816.863   26  1227685.727  1227685.755  1227914.979
168  SCHN05+F1X4+R9 613319.812   28  1226695.624  1226695.657  1226942.511
169  SCHN05+F1X4+R10 612981.902   30  1226023.804  1226023.841  1226288.326
170  SCHN05+F3X4   633951.986   18  1267939.971  1267939.985  1268098.684
171  SCHN05+F3X4+I 632476.684   19  1264991.368  1264991.384  1265158.899
172  SCHN05+F3X4+G4 626386.771   19  1252811.543  1252811.558  1252979.073
173  SCHN05+F3X4+I+G4 626386.727   20  1252813.454  1252813.471  1252989.802
174  SCHN05+F3X4+R2 623050.194   20  1246140.388  1246140.405  1246316.736
175  SCHN05+F3X4+R3 616066.794   22  1232177.587  1232177.607  1232371.570
176  SCHN05+F3X4+R4 613713.014   24  1227474.027  1227474.051  1227685.645
177  SCHN05+F3X4+R5 611498.007   26  1223048.015  1223048.043  1223277.267
178  SCHN05+F3X4+R6 609686.946   28  1219429.893  1219429.926  1219676.780
179  SCHN05+F3X4+R7 608418.262   30  1216896.524  1216896.562  1217161.046
180  SCHN05+F3X4+R8 607637.651   32  1215339.303  1215339.345  1215621.459
181  SCHN05+F3X4+R9 607252.450   34  1214572.900  1214572.948  1214872.691
182  SCHN05+F3X4+R10 607041.700   36  1214155.401  1214155.454  1214472.827
183  SCHN05+F      620669.544   69  1241477.088  1241477.282  1242085.488
184  SCHN05+F+I    619825.885   70  1239791.769  1239791.969  1240408.987
185  SCHN05+F+G4   610130.631   70  1220401.262  1220401.462  1221018.480
186  SCHN05+F+I+G4 610130.629   71  1220403.257  1220403.462  1221029.292
187  SCHN05+F+R2   609165.082   71  1218472.163  1218472.369  1219098.198
188  SCHN05+F+R3   608415.503   73  1216977.005  1216977.222  1217620.675
189  SCHN05+F+R4   607792.228   75  1215734.456  1215734.685  1216395.760
190  SCHN05+F+R5   607189.647   77  1214533.294  1214533.535  1215212.233
191  SCHN05+F+R6   606180.799   79  1212519.597  1212519.851  1213216.171
192  SCHN05+F+R7   604738.555   81  1209639.110  1209639.377  1210353.319
193  SCHN05+F+R8   603279.746   83  1206725.492  1206725.772  1207457.336
194  SCHN05+F+R9   602115.850   85  1204401.700  1204401.993  1205151.178
195  SCHN05+F+R10  601260.040   87  1202694.079  1202694.387  1203461.193
Akaike Information Criterion:           KOSI07+F+R10
Corrected Akaike Information Criterion: KOSI07+F+R10
Bayesian Information Criterion:         KOSI07+F+R10
Best-fit model: KOSI07+F+R10 chosen according to BIC

All model information printed to combined.fasta.model.gz
CPU time for ModelFinder: 58077.764 seconds (16h:7m:57s)
Wall-clock time for ModelFinder: 10947.485 seconds (3h:2m:27s)

NOTE: 776 MB RAM (0 GB) is required!
Measuring multi-threading efficiency up to 8 CPU cores
3 trees examined
Threads: 1 / Time: 9.239 sec / Speedup: 1.000 / Efficiency: 100% / LogL: -623888
Threads: 2 / Time: 4.948 sec / Speedup: 1.867 / Efficiency: 93% / LogL: -623888
Threads: 3 / Time: 3.747 sec / Speedup: 2.466 / Efficiency: 82% / LogL: -623888
Threads: 4 / Time: 3.186 sec / Speedup: 2.900 / Efficiency: 72% / LogL: -623888
Threads: 5 / Time: 3.052 sec / Speedup: 3.027 / Efficiency: 61% / LogL: -623888
Threads: 6 / Time: 2.958 sec / Speedup: 3.124 / Efficiency: 52% / LogL: -623888
Threads: 7 / Time: 2.888 sec / Speedup: 3.200 / Efficiency: 46% / LogL: -623888
BEST NUMBER OF THREADS: 6

Estimate model parameters (epsilon = 0.100)
1. Initial log-likelihood: -750736.658
2. Current log-likelihood: -619250.058
3. Current log-likelihood: -608428.191
4. Current log-likelihood: -608406.718
5. Current log-likelihood: -608404.044
6. Current log-likelihood: -608402.463
7. Current log-likelihood: -608401.474
8. Current log-likelihood: -608400.836
9. Current log-likelihood: -608400.381
10. Current log-likelihood: -608400.081
11. Current log-likelihood: -608399.867
12. Current log-likelihood: -608399.683
13. Current log-likelihood: -608399.522
14. Current log-likelihood: -608399.380
15. Current log-likelihood: -608399.259
16. Current log-likelihood: -608399.157
Optimal log-likelihood: -608399.082
Nonsynonymous/synonymous ratio (omega): 1.000
Transition/transversion ratio (kappa): 1.000
Site proportion and rates:  (0.052,0.698) (0.121,0.734) (0.154,0.766) (0.160,0.820) (0.148,0.857) (0.125,0.902) (0.095,0.962) (0.065,1.419) (0.052,2.486) (0.028,2.587)
Parameters optimization took 16 rounds (270.609 sec)
Computing ML distances based on estimated model parameters... 0.378 sec
Computing BIONJ tree...
0.002 seconds
Log-likelihood of BIONJ tree: -608399.083
--------------------------------------------------------------------
|             INITIALIZING CANDIDATE TREE SET                      |
--------------------------------------------------------------------
Generating 99 parsimony trees... 0.533 second
Computing log-likelihood of 6 initial trees ... 10.599 seconds
Current best score: -608399.082

Do NNI search on 7 best initial trees
Finish initializing candidate tree set (7)
Current best tree score: -608399.082 / CPU time: 54.366
Number of iterations: 7
--------------------------------------------------------------------
|               OPTIMIZING CANDIDATE TREE SET                      |
--------------------------------------------------------------------
Iteration 10 / LogL: -608426.885 / Time: 0h:6m:22s
Iteration 20 / LogL: -608426.011 / Time: 0h:7m:40s
Iteration 30 / LogL: -608614.011 / Time: 0h:9m:12s (0h:22m:12s left)
Iteration 40 / LogL: -608408.224 / Time: 0h:10m:35s (0h:16m:17s left)
Iteration 50 / LogL: -608400.452 / Time: 0h:11m:54s (0h:12m:9s left)
Iteration 60 / LogL: -608413.353 / Time: 0h:13m:17s (0h:9m:0s left)
Iteration 70 / LogL: -608614.011 / Time: 0h:14m:40s (0h:6m:22s left)
Iteration 80 / LogL: -608399.082 / Time: 0h:16m:7s (0h:4m:4s left)
Iteration 90 / LogL: -608429.679 / Time: 0h:17m:28s (0h:1m:57s left)
Iteration 100 / LogL: -608410.918 / Time: 0h:18m:48s (0h:0m:0s left)
TREE SEARCH COMPLETED AFTER 101 ITERATIONS / Time: 0h:18m:55s

--------------------------------------------------------------------
|                    FINALIZING TREE SEARCH                        |
--------------------------------------------------------------------
Performs final model parameters optimization
Estimate model parameters (epsilon = 0.010)
1. Initial log-likelihood: -608399.082
2. Current log-likelihood: -608399.035
3. Current log-likelihood: -608398.978
4. Current log-likelihood: -608398.930
5. Current log-likelihood: -608398.894
6. Current log-likelihood: -608398.863
Optimal log-likelihood: -608398.855
Nonsynonymous/synonymous ratio (omega): 1.000
Transition/transversion ratio (kappa): 1.000
Site proportion and rates:  (0.052,0.710) (0.121,0.734) (0.154,0.766) (0.160,0.820) (0.148,0.857) (0.124,0.902) (0.095,0.943) (0.064,1.419) (0.053,2.487) (0.029,2.536)
Parameters optimization took 6 rounds (79.205 sec)
BEST SCORE FOUND : -608398.855
Total tree length: 3.332

Total number of iterations: 101
CPU time used for tree search: 4560.213 sec (1h:16m:0s)
Wall-clock time used for tree search: 827.844 sec (0h:13m:47s)
Total CPU time used: 6548.902 sec (1h:49m:8s)
Total wall-clock time used: 1214.570 sec (0h:20m:14s)

Analysis results written to: 
  IQ-TREE report:                combined.fasta.iqtree
  Maximum-likelihood tree:       combined.fasta.treefile
  Likelihood distances:          combined.fasta.mldist
  Screen log file:               combined.fasta.log

Date and Time: Wed Aug 15 13:24:38 2018
