This is pdfTeX, Version 3.14159265-2.6-1.40.16 (TeX Live 2015/Debian) (preloaded format=pdflatex 2018.8.17)  29 AUG 2018 14:41
entering extended mode
 restricted \write18 enabled.
 %&-line parsing enabled.
**selac.tex --shell-escape
(./selac.tex
LaTeX2e <2016/02/01>
Babel <3.9q> and hyphenation patterns for 3 language(s) loaded.
(./myMBE.cls

LaTeX Warning: You have requested document class `myMBE',
               but the document class provides `MBE'.

Document Class: MBE 2007/03/23 v1.4b Standard LaTeX document class
(/usr/share/texlive/texmf-dist/tex/latex/base/fleqn.clo
File: fleqn.clo 2015/03/31 v1.1i Standard LaTeX option (flush left equations)
\mathindent=\dimen102
Applying: [2015/01/01] Make \[ robust on input line 50.
LaTeX Info: Redefining \[ on input line 51.
Already applied: [0000/00/00] Make \[ robust on input line 62.
Applying: [2015/01/01] Make \] robust on input line 74.
LaTeX Info: Redefining \] on input line 75.
Already applied: [0000/00/00] Make \] robust on input line 83.
) (./crop.sty
Package: crop 2001/11/16 v1.6 cropmarks (mf)
\CROP@width=\dimen103
\CROP@height=\dimen104
\CROP@index=\count79

(/usr/share/texlive/texmf-dist/tex/latex/graphics/graphics.sty
Package: graphics 2016/01/03 v1.0q Standard LaTeX Graphics (DPC,SPQR)

(/usr/share/texlive/texmf-dist/tex/latex/graphics/trig.sty
Package: trig 2016/01/03 v1.10 sin cos tan (DPC)
)
(/usr/share/texlive/texmf-dist/tex/latex/latexconfig/graphics.cfg
File: graphics.cfg 2010/04/23 v1.9 graphics configuration of TeX Live
)
Package graphics Info: Driver file: pdftex.def on input line 95.

(/usr/share/texlive/texmf-dist/tex/latex/pdftex-def/pdftex.def
File: pdftex.def 2011/05/27 v0.06d Graphics/color for pdfTeX

(/usr/share/texlive/texmf-dist/tex/generic/oberdiek/infwarerr.sty
Package: infwarerr 2010/04/08 v1.3 Providing info/warning/error messages (HO)
)
(/usr/share/texlive/texmf-dist/tex/generic/oberdiek/ltxcmds.sty
Package: ltxcmds 2011/11/09 v1.22 LaTeX kernel commands for general use (HO)
)
\Gread@gobject=\count80
))
\CROP@offset=\count81
)
Package crop Info: using pdf(la)tex graphics driver on input line 118.

(/usr/share/texlive/texmf-dist/tex/latex/base/inputenc.sty
Package: inputenc 2015/03/17 v1.2c Input encoding file
\inpenc@prehook=\toks14
\inpenc@posthook=\toks15
)
(/usr/share/texlive/texmf-dist/tex/latex/amsmath/amsmath.sty
Package: amsmath 2016/03/03 v2.15a AMS math features
\@mathmargin=\skip41

For additional information on amsmath, use the `?' option.
(/usr/share/texlive/texmf-dist/tex/latex/amsmath/amstext.sty
Package: amstext 2000/06/29 v2.01 AMS text

(/usr/share/texlive/texmf-dist/tex/latex/amsmath/amsgen.sty
File: amsgen.sty 1999/11/30 v2.0 generic functions
\@emptytoks=\toks16
\ex@=\dimen105
))
(/usr/share/texlive/texmf-dist/tex/latex/amsmath/amsbsy.sty
Package: amsbsy 1999/11/29 v1.2d Bold Symbols
\pmbraise@=\dimen106
)
(/usr/share/texlive/texmf-dist/tex/latex/amsmath/amsopn.sty
Package: amsopn 1999/12/14 v2.01 operator names
)
\inf@bad=\count82
LaTeX Info: Redefining \frac on input line 199.
\uproot@=\count83
\leftroot@=\count84
LaTeX Info: Redefining \overline on input line 297.
\classnum@=\count85
\DOTSCASE@=\count86
LaTeX Info: Redefining \ldots on input line 394.
LaTeX Info: Redefining \dots on input line 397.
LaTeX Info: Redefining \cdots on input line 518.
\Mathstrutbox@=\box26
\strutbox@=\box27
\big@size=\dimen107
LaTeX Font Info:    Redeclaring font encoding OML on input line 630.
LaTeX Font Info:    Redeclaring font encoding OMS on input line 631.
\macc@depth=\count87
\c@MaxMatrixCols=\count88
\dotsspace@=\muskip10
\c@parentequation=\count89
\dspbrk@lvl=\count90
\tag@help=\toks17
\row@=\count91
\column@=\count92
\maxfields@=\count93
\andhelp@=\toks18
\eqnshift@=\dimen108
\alignsep@=\dimen109
\tagshift@=\dimen110
\tagwidth@=\dimen111
\totwidth@=\dimen112
\lineht@=\dimen113
\@envbody=\toks19
\multlinegap=\skip42
\multlinetaggap=\skip43
\mathdisplay@stack=\toks20
LaTeX Info: Redefining \[ on input line 2735.
LaTeX Info: Redefining \] on input line 2736.
)
(/usr/share/texlive/texmf-dist/tex/latex/amsfonts/amssymb.sty
Package: amssymb 2013/01/14 v3.01 AMS font symbols

(/usr/share/texlive/texmf-dist/tex/latex/amsfonts/amsfonts.sty
Package: amsfonts 2013/01/14 v3.01 Basic AMSFonts support
\symAMSa=\mathgroup4
\symAMSb=\mathgroup5
LaTeX Font Info:    Overwriting math alphabet `\mathfrak' in version `bold'
(Font)                  U/euf/m/n --> U/euf/b/n on input line 106.
))
(/usr/share/texlive/texmf-dist/tex/latex/base/latexsym.sty
Package: latexsym 1998/08/17 v2.2e Standard LaTeX package (lasy symbols)
\symlasy=\mathgroup6
LaTeX Font Info:    Overwriting symbol font `lasy' in version `bold'
(Font)                  U/lasy/m/n --> U/lasy/b/n on input line 52.
)
(/usr/share/texlive/texmf-dist/tex/latex/float/float.sty
Package: float 2001/11/08 v1.3d Float enhancements (AL)
\c@float@type=\count94
\float@exts=\toks21
\float@box=\box28
\@float@everytoks=\toks22
\@floatcapt=\box29
)
(/usr/share/texlive/texmf-dist/tex/latex/graphics/epsfig.sty
Package: epsfig 1999/02/16 v1.7a (e)psfig emulation (SPQR)

(/usr/share/texlive/texmf-dist/tex/latex/graphics/graphicx.sty
Package: graphicx 2014/10/28 v1.0g Enhanced LaTeX Graphics (DPC,SPQR)

(/usr/share/texlive/texmf-dist/tex/latex/graphics/keyval.sty
Package: keyval 2014/10/28 v1.15 key=value parser (DPC)
\KV@toks@=\toks23
)
\Gin@req@height=\dimen114
\Gin@req@width=\dimen115
)
\epsfxsize=\dimen116
\epsfysize=\dimen117
)
(/usr/share/texlive/texmf-dist/tex/latex/wrapfig/wrapfig.sty
\wrapoverhang=\dimen118
\WF@size=\dimen119
\c@WF@wrappedlines=\count95
\WF@box=\box30
\WF@everypar=\toks24
Package: wrapfig 2003/01/31  v 3.6
)
(/usr/share/texlive/texmf-dist/tex/latex/sttools/stfloats.sty
Package: stfloats 2016/02/08 v2.0 Improve float mechanism and baselineskip sett
ings
\@dblbotnum=\count96
\c@dblbotnumber=\count97
)
(/usr/share/texlive/texmf-dist/tex/latex/tools/multicol.sty
Package: multicol 2015/08/19 v1.8n multicolumn formatting (FMi)
\c@tracingmulticols=\count98
\mult@box=\box31
\multicol@leftmargin=\dimen120
\c@unbalance=\count99
\c@collectmore=\count100
\doublecol@number=\count101
\multicoltolerance=\count102
\multicolpretolerance=\count103
\full@width=\dimen121
\page@free=\dimen122
\premulticols=\dimen123
\postmulticols=\dimen124
\multicolsep=\skip44
\multicolbaselineskip=\skip45
\partial@page=\box32
\last@line=\box33
\maxbalancingoverflow=\dimen125
\mult@rightbox=\box34
\mult@grightbox=\box35
\mult@gfirstbox=\box36
\mult@firstbox=\box37
\@tempa=\box38
\@tempa=\box39
\@tempa=\box40
\@tempa=\box41
\@tempa=\box42
\@tempa=\box43
\@tempa=\box44
\@tempa=\box45
\@tempa=\box46
\@tempa=\box47
\@tempa=\box48
\@tempa=\box49
\@tempa=\box50
\@tempa=\box51
\@tempa=\box52
\@tempa=\box53
\@tempa=\box54
\c@columnbadness=\count104
\c@finalcolumnbadness=\count105
\last@try=\dimen126
\multicolovershoot=\dimen127
\multicolundershoot=\dimen128
\mult@nat@firstbox=\box55
\colbreak@box=\box56
\mc@col@check@num=\count106
)
(/usr/share/texlive/texmf-dist/tex/latex/rotating/rotating.sty
Package: rotating 2009/03/28 v2.16a rotated objects in LaTeX

(/usr/share/texlive/texmf-dist/tex/latex/base/ifthen.sty
Package: ifthen 2014/09/29 v1.1c Standard LaTeX ifthen package (DPC)
)
\c@r@tfl@t=\count107
\rotFPtop=\skip46
\rotFPbot=\skip47
\rot@float@box=\box57
\rot@mess@toks=\toks25
)
(/usr/share/texlive/texmf-dist/tex/latex/multirow/multirow.sty
\bigstrutjot=\dimen129
)
(/usr/share/texlive/texmf-dist/tex/latex/tools/dcolumn.sty
Package: dcolumn 2014/10/28 v1.06 decimal alignment package (DPC)

(/usr/share/texlive/texmf-dist/tex/latex/tools/array.sty
Package: array 2014/10/28 v2.4c Tabular extension package (FMi)
\col@sep=\dimen130
\extrarowheight=\dimen131
\NC@list=\toks26
\extratabsurround=\skip48
\backup@length=\skip49
))
(/usr/share/texlive/texmf-dist/tex/latex/boxedminipage/boxedminipage.sty)
(/usr/share/texlive/texmf-dist/tex/latex/base/makeidx.sty
Package: makeidx 2014/09/29 v1.0m Standard LaTeX package
)
(/usr/share/texlive/texmf-dist/tex/latex/soul/soul.sty
Package: soul 2003/11/17 v2.4 letterspacing/underlining (mf)
\SOUL@word=\toks27
\SOUL@lasttoken=\toks28
\SOUL@cmds=\toks29
\SOUL@buffer=\toks30
\SOUL@token=\toks31
\SOUL@spaceskip=\skip50
\SOUL@ttwidth=\dimen132
\SOUL@uldp=\dimen133
\SOUL@ulht=\dimen134
)
(/usr/share/texlive/texmf-dist/tex/latex/url/url.sty
\Urlmuskip=\muskip11
Package: url 2013/09/16  ver 3.4  Verb mode for urls, etc.
)
(/usr/share/texlive/texmf-dist/tex/latex/tools/xspace.sty
Package: xspace 2014/10/28 v1.13 Space after command names (DPC,MH)
)
(/usr/share/texlive/texmf-dist/tex/latex/graphics/color.sty
Package: color 2016/01/03 v1.1b Standard LaTeX Color (DPC)

(/usr/share/texlive/texmf-dist/tex/latex/latexconfig/color.cfg
File: color.cfg 2007/01/18 v1.5 color configuration of teTeX/TeXLive
)
Package color Info: Driver file: pdftex.def on input line 143.
)

LaTeX Font Warning: Font shape `OT1/cmr/m/n' in size <10.5> not available
(Font)              size <10.95> substituted on input line 126.

\cropenskip=\dimen135
\PVskip=\dimen136
\jnameskip=\skip51
\titleskip=\dimen137
\authorskip=\dimen138
\ruleskip=\dimen139
\ruleht=\dimen140
\belowmktitskip=\skip52
\alignmkadj=\skip53
\alignadj=\skip54
\aboveheaderskip=\skip55
\belowheaderskip=\skip56
\abovefmheaderskip=\skip57
\belowfmheaderskip=\skip58
\abovecnskip=\skip59
\belowcnskip=\skip60
\abovectskip=\skip61
\belowctskip=\skip62
\aboveauskip=\skip63
\belowauskip=\skip64
\aboveaffskip=\skip65
\belowaffskip=\skip66
\abovefmcnskip=\skip67
\belowfmcnskip=\skip68
\abovefmctskip=\skip69
\belowfmctskip=\skip70
\firstlinefixedpos=\skip71
\chapnobox=\box58
\chapwdwidth=\dimen141
\chapnowd=\dimen142
\chrulesp=\dimen143
\droplines=\count108
\dropsep=\dimen144
\capvskip=\skip72
\caphskip=\skip73
\capwd=\dimen145
\droplinewd=\dimen146
\c@part=\count109
\c@chapter=\count110
\c@section=\count111
\c@subsection=\count112
\c@subsubsection=\count113
\c@paragraph=\count114
\c@subparagraph=\count115
\c@subsubparagraph=\count116
\labelwidthi=\dimen147
\labelwidthii=\dimen148
\labelwidthiii=\dimen149
\labelwidthiv=\dimen150
\topsepi=\skip74
\topsepii=\skip75
\topsepiii=\skip76
\topsepiv=\skip77
\itemsepi=\skip78
\itemsepii=\skip79
\itemsepiii=\skip80
\itemsepiv=\skip81
\labelsepi=\dimen151
\labelsepii=\dimen152
\labelsepiii=\dimen153
\labelsepiv=\dimen154
\parsepi=\dimen155
\parsepii=\dimen156
\parsepiii=\dimen157
\parsepiv=\dimen158
\rightmargini=\dimen159
\rightmarginii=\dimen160
\rightmarginiii=\dimen161
\rightmarginiv=\dimen162
\itemindenti=\dimen163
\itemindentii=\dimen164
\itemindentiii=\dimen165
\itemindentiv=\dimen166
\labelleftmargin=\dimen167
\c@figure=\count117
\c@table=\count118
\abovecaptionskip=\skip82
\belowcaptionskip=\skip83
\figurewidth=\dimen168
\figureheight=\dimen169
\dwidth=\dimen170
\dheight=\dimen171
\ncolumns=\count119
\nrows=\count120
\tablewd=\dimen172
\tablewidth=\dimen173
\captionwd=\dimen174
\tempbox=\box59
\tableleftskip=\skip84
\tablerightskip=\skip85
\tablecapleftskip=\skip86
\tablecaprightskip=\skip87
\tablefootleftskip=\skip88
\tablefootrightskip=\skip89
\rotdimen=\dimen175
\footnumskip=\dimen176
\bibindent=\dimen177
\maxbibwd=\dimen178
(./cpl-natbib.sty
Package: cpl-natbib 2000/07/24 7.0a (PWD)
\bibhang=\skip90
\bibsep=\skip91
LaTeX Info: Redefining \cite on input line 509.
\c@NAT@ctr=\count121
)
\hours=\count122
\minutes=\count123
\grid@sidemargin=\dimen179
\grid@wd=\dimen180
\grid@ht=\dimen181
\grid@linewd=\dimen182
\grid@topofline=\dimen183
LaTeX Info: Redefining \textso on input line 2523.
\currfontsize=\dimen184
 (/usr/share/texlive/texmf-dist/tex/latex/amscls/amsthm.sty
Package: amsthm 2015/03/04 v2.20.2
\thm@style=\toks32
\thm@bodyfont=\toks33
\thm@headfont=\toks34
\thm@notefont=\toks35
\thm@headpunct=\toks36
\thm@preskip=\skip92
\thm@postskip=\skip93
\thm@headsep=\skip94
\dth@everypar=\toks37
)
\c@defn=\count124
\c@propn=\count125
\c@Lem=\count126
\c@rem=\count127
\@indexfile=\write3
\openout3 = `selac.idx'.


Writing index file selac.idx
) (/usr/share/texlive/texmf-dist/tex/generic/ulem/ulem.sty
\UL@box=\box60
\UL@hyphenbox=\box61
\UL@skip=\skip95
\UL@hook=\toks38
\UL@height=\dimen185
\UL@pe=\count128
\UL@pixel=\dimen186
\ULC@box=\box62
Package: ulem 2012/05/18
\ULdepth=\dimen187
)
(/usr/share/texlive/texmf-dist/tex/latex/tools/bm.sty
Package: bm 2014/10/28 v1.1c Bold Symbol Support (DPC/FMi)
\symboldoperators=\mathgroup7
\symboldletters=\mathgroup8
\symboldsymbols=\mathgroup9
\symboldlasy=\mathgroup10
LaTeX Font Info:    Redeclaring math alphabet \mathbf on input line 141.
LaTeX Info: Redefining \bm on input line 207.
)
(/usr/share/texlive/texmf-dist/tex/latex/tools/indentfirst.sty
Package: indentfirst 1995/11/23 v1.03 Indent first paragraph (DPC)
)
(/usr/share/texlive/texmf-dist/tex/latex/fancyhdr/fancyhdr.sty
\fancy@headwidth=\skip96
\f@ncyO@elh=\skip97
\f@ncyO@erh=\skip98
\f@ncyO@olh=\skip99
\f@ncyO@orh=\skip100
\f@ncyO@elf=\skip101
\f@ncyO@erf=\skip102
\f@ncyO@olf=\skip103
\f@ncyO@orf=\skip104
)
(/usr/share/texlive/texmf-dist/tex/latex/datetime/datetime.sty
Package: datetime 2015/03/20 v2.60 Date Time Package

(/usr/share/texlive/texmf-dist/tex/latex/etoolbox/etoolbox.sty
Package: etoolbox 2015/08/02 v2.2a e-TeX tools for LaTeX (JAW)
\etb@tempcnta=\count129
)
(/usr/share/texlive/texmf-dist/tex/latex/fmtcount/fmtcount.sty
Package: fmtcount 2015/05/05 v3.01

(/usr/share/texlive/texmf-dist/tex/latex/xkeyval/xkeyval.sty
Package: xkeyval 2014/12/03 v2.7a package option processing (HA)

(/usr/share/texlive/texmf-dist/tex/generic/xkeyval/xkeyval.tex
(/usr/share/texlive/texmf-dist/tex/generic/xkeyval/xkvutils.tex
\XKV@toks=\toks39
\XKV@tempa@toks=\toks40
)
\XKV@depth=\count130
File: xkeyval.tex 2014/12/03 v2.7a key=value parser (HA)
))
(/usr/share/texlive/texmf-dist/tex/latex/fmtcount/fcprefix.sty
Package: fcprefix 2012/09/28

(/usr/share/texlive/texmf-dist/tex/latex/fmtcount/fcnumparser.sty
Package: fcnumparser 2012/09/28
\fc@digit@counter=\count131
))
(/usr/share/texlive/texmf-dist/tex/generic/ifxetex/ifxetex.sty
Package: ifxetex 2010/09/12 v0.6 Provides ifxetex conditional
)
\c@padzeroesN=\count132
\fc@tmpcatcode=\count133
\@DT@modctr=\count134
\@ordinalctr=\count135
\@orgargctr=\count136
\@strctr=\count137
\@tmpstrctr=\count138
\@DT@loopN=\count139
\@DT@X=\count140

(/usr/share/texlive/texmf-dist/tex/latex/fmtcount/fc-english.def
File: fc-english.def 2013/08/17
))
(/usr/share/texlive/texmf-dist/tex/latex/datetime/datetime-defaults.sty
Package: datetime-defaults 2013/09/10
)
\@day=\count141
\@month=\count142
\@year=\count143
\c@HOUR=\count144
\c@HOURXII=\count145
\c@MINUTE=\count146
\c@TOHOUR=\count147
\c@TOMINUTE=\count148
\c@SECOND=\count149
\currenthour=\count150
\currentminute=\count151
\currentsecond=\count152
Package datetime Info: No datetime.cfg file found, using default settings on in
put line 308.
\@dtctr=\count153
\dayofyear=\count154
\dayofweek=\count155
LaTeX Info: Redefining \today on input line 736.
\dt@a=\toks41
\dt@b=\toks42
)
(./lineno.sty
Package: lineno 2005/11/02 line numbers on paragraphs v4.41
\linenopenalty=\count156
\output=\toks43
\linenoprevgraf=\count157
\linenumbersep=\dimen188
\linenumberwidth=\dimen189
\c@linenumber=\count158
\c@pagewiselinenumber=\count159
\c@LN@truepage=\count160
\c@internallinenumber=\count161
\c@internallinenumbers=\count162
\quotelinenumbersep=\dimen190
\bframerule=\dimen191
\bframesep=\dimen192
\bframebox=\box63
LaTeX Info: Redefining \\ on input line 3056.
)

LaTeX Warning: Unused global option(s):
    [nogrid].

(./selac.aux)
\openout1 = `selac.aux'.

LaTeX Font Info:    Checking defaults for OML/cmm/m/it on input line 231.
LaTeX Font Info:    ... okay on input line 231.
LaTeX Font Info:    Checking defaults for T1/cmr/m/n on input line 231.
LaTeX Font Info:    ... okay on input line 231.
LaTeX Font Info:    Checking defaults for OT1/cmr/m/n on input line 231.
LaTeX Font Info:    ... okay on input line 231.
LaTeX Font Info:    Checking defaults for OMS/cmsy/m/n on input line 231.
LaTeX Font Info:    ... okay on input line 231.
LaTeX Font Info:    Checking defaults for OMX/cmex/m/n on input line 231.
LaTeX Font Info:    ... okay on input line 231.
LaTeX Font Info:    Checking defaults for U/cmr/m/n on input line 231.
LaTeX Font Info:    ... okay on input line 231.
 (/usr/share/texlive/texmf-dist/tex/context/base/supp-pdf.mkii
[Loading MPS to PDF converter (version 2006.09.02).]
\scratchcounter=\count163
\scratchdimen=\dimen193
\scratchbox=\box64
\nofMPsegments=\count164
\nofMParguments=\count165
\everyMPshowfont=\toks44
\MPscratchCnt=\count166
\MPscratchDim=\dimen194
\MPnumerator=\count167
\makeMPintoPDFobject=\count168
\everyMPtoPDFconversion=\toks45
) (/usr/share/texlive/texmf-dist/tex/generic/oberdiek/pdftexcmds.sty
Package: pdftexcmds 2011/11/29 v0.20 Utility functions of pdfTeX for LuaTeX (HO
)

(/usr/share/texlive/texmf-dist/tex/generic/oberdiek/ifluatex.sty
Package: ifluatex 2010/03/01 v1.3 Provides the ifluatex switch (HO)
Package ifluatex Info: LuaTeX not detected.
)
(/usr/share/texlive/texmf-dist/tex/generic/oberdiek/ifpdf.sty
Package: ifpdf 2011/01/30 v2.3 Provides the ifpdf switch (HO)
Package ifpdf Info: pdfTeX in PDF mode is detected.
)
Package pdftexcmds Info: LuaTeX not detected.
Package pdftexcmds Info: \pdf@primitive is available.
Package pdftexcmds Info: \pdf@ifprimitive is available.
Package pdftexcmds Info: \pdfdraftmode found.
)
(/usr/share/texlive/texmf-dist/tex/latex/oberdiek/epstopdf-base.sty
Package: epstopdf-base 2010/02/09 v2.5 Base part for package epstopdf

(/usr/share/texlive/texmf-dist/tex/latex/oberdiek/grfext.sty
Package: grfext 2010/08/19 v1.1 Manage graphics extensions (HO)

(/usr/share/texlive/texmf-dist/tex/generic/oberdiek/kvdefinekeys.sty
Package: kvdefinekeys 2011/04/07 v1.3 Define keys (HO)
))
(/usr/share/texlive/texmf-dist/tex/latex/oberdiek/kvoptions.sty
Package: kvoptions 2011/06/30 v3.11 Key value format for package options (HO)

(/usr/share/texlive/texmf-dist/tex/generic/oberdiek/kvsetkeys.sty
Package: kvsetkeys 2012/04/25 v1.16 Key value parser (HO)

(/usr/share/texlive/texmf-dist/tex/generic/oberdiek/etexcmds.sty
Package: etexcmds 2011/02/16 v1.5 Avoid name clashes with e-TeX commands (HO)
Package etexcmds Info: Could not find \expanded.
(etexcmds)             That can mean that you are not using pdfTeX 1.50 or
(etexcmds)             that some package has redefined \expanded.
(etexcmds)             In the latter case, load this package earlier.
)))
Package grfext Info: Graphics extension search list:
(grfext)             [.pdf,.jpg,.png,.eps]
(grfext)             \AppendGraphicsExtensions on input line 452.

(/usr/share/texlive/texmf-dist/tex/latex/latexconfig/epstopdf-sys.cfg
File: epstopdf-sys.cfg 2010/07/13 v1.3 Configuration of (r)epstopdf for TeX Liv
e
))

LaTeX Font Warning: Font shape `OT1/cmr/b/n' in size <20> not available
(Font)              size <20.74> substituted on input line 282.


LaTeX Font Warning: Font shape `OT1/cmr/m/n' in size <20> not available
(Font)              size <20.74> substituted on input line 282.


LaTeX Font Warning: Font shape `OT1/cmr/m/n' in size <12.5> not available
(Font)              size <12> substituted on input line 282.

LaTeX Font Info:    Calculating math sizes for size <12.5> on input line 282.

LaTeX Font Warning: Font shape `OML/cmm/m/it' in size <12.5> not available
(Font)              size <12> substituted on input line 282.


LaTeX Font Warning: Font shape `OMS/cmsy/m/n' in size <12.5> not available
(Font)              size <12> substituted on input line 282.

LaTeX Font Info:    Try loading font information for U+msa on input line 282.
(/usr/share/texlive/texmf-dist/tex/latex/amsfonts/umsa.fd
File: umsa.fd 2013/01/14 v3.01 AMS symbols A
)
LaTeX Font Info:    Try loading font information for U+msb on input line 282.

(/usr/share/texlive/texmf-dist/tex/latex/amsfonts/umsb.fd
File: umsb.fd 2013/01/14 v3.01 AMS symbols B
)
LaTeX Font Info:    Try loading font information for U+lasy on input line 282.

(/usr/share/texlive/texmf-dist/tex/latex/base/ulasy.fd
File: ulasy.fd 1998/08/17 v2.2e LaTeX symbol font definitions
)

LaTeX Font Warning: Font shape `U/lasy/m/n' in size <12.5> not available
(Font)              size <12> substituted on input line 282.


LaTeX Font Warning: Font shape `OT1/cmr/bx/n' in size <12.5> not available
(Font)              size <12> substituted on input line 282.


LaTeX Font Warning: Font shape `OML/cmm/b/it' in size <12.5> not available
(Font)              size <12> substituted on input line 282.


LaTeX Font Warning: Font shape `OMS/cmsy/b/n' in size <12.5> not available
(Font)              size <12> substituted on input line 282.


LaTeX Font Warning: Font shape `U/lasy/b/n' in size <12.5> not available
(Font)              size <12> substituted on input line 282.

LaTeX Font Info:    Font shape `U/lasy/b/n' in size <8.74995> not available
(Font)              Font shape `U/lasy/m/n' tried instead on input line 282.
LaTeX Font Info:    Font shape `U/lasy/b/n' in size <6.25> not available
(Font)              Font shape `U/lasy/m/n' tried instead on input line 282.

LaTeX Font Warning: Font shape `OT1/cmr/m/m' undefined
(Font)              using `OT1/cmr/m/n' instead on input line 282.

LaTeX Font Info:    Font shape `U/lasy/b/n' in size <8> not available
(Font)              Font shape `U/lasy/m/n' tried instead on input line 282.
LaTeX Font Info:    Font shape `U/lasy/b/n' in size <6> not available
(Font)              Font shape `U/lasy/m/n' tried instead on input line 282.

LaTeX Font Warning: Font shape `OT1/cmr/bx/m' undefined
(Font)              using `OT1/cmr/bx/n' instead on input line 282.


LaTeX Font Warning: Font shape `OT1/cmr/b/n' in size <13> not available
(Font)              size <12> substituted on input line 282.

LaTeX Font Info:    Calculating math sizes for size <10.5> on input line 282.

LaTeX Font Warning: Font shape `OML/cmm/m/it' in size <10.5> not available
(Font)              size <10.95> substituted on input line 282.


LaTeX Font Warning: Font shape `OMS/cmsy/m/n' in size <10.5> not available
(Font)              size <10.95> substituted on input line 282.


LaTeX Font Warning: Font shape `U/lasy/m/n' in size <10.5> not available
(Font)              size <10.95> substituted on input line 282.


LaTeX Font Warning: Font shape `OT1/cmr/bx/n' in size <10.5> not available
(Font)              size <10.95> substituted on input line 282.


LaTeX Font Warning: Font shape `OML/cmm/b/it' in size <10.5> not available
(Font)              size <10.95> substituted on input line 282.


LaTeX Font Warning: Font shape `OMS/cmsy/b/n' in size <10.5> not available
(Font)              size <10.95> substituted on input line 282.


LaTeX Font Warning: Font shape `U/lasy/b/n' in size <10.5> not available
(Font)              size <10.95> substituted on input line 282.

LaTeX Font Info:    Font shape `U/lasy/b/n' in size <7.34996> not available
(Font)              Font shape `U/lasy/m/n' tried instead on input line 282.
LaTeX Font Info:    Font shape `U/lasy/b/n' in size <5.25> not available
(Font)              Font shape `U/lasy/m/n' tried instead on input line 282.

LaTeX Font Warning: Font shape `OT1/cmss/b/m' undefined
(Font)              using `OT1/cmss/m/n' instead on input line 282.


LaTeX Font Warning: Font shape `OT1/cmss/m/n' in size <10.5> not available
(Font)              size <10.95> substituted on input line 282.


LaTeX Font Warning: Font shape `OT1/cmr/m/m' in size <10.5> not available
(Font)              size <10.95> substituted on input line 282.


LaTeX Font Warning: Font shape `OT1/cmr/b/n' in size <15> not available
(Font)              size <14.4> substituted on input line 291.


LaTeX Font Warning: Font shape `OT1/cmr/m/n' in size <15> not available
(Font)              size <14.4> substituted on input line 291.


Package natbib Warning: Citation `Yang2014' on page 1 undefined on input line 2
94.


Underfull \vbox (badness 10000) has occurred while \output is active []



LaTeX Font Warning: Font shape `OT1/cmr/bx/n' in size <20> not available
(Font)              size <20.74> substituted on input line 296.


Underfull \hbox (badness 10000) has occurred while \output is active
[]
 []

LaTeX Font Info:    Font shape `U/lasy/b/n' in size <7> not available
(Font)              Font shape `U/lasy/m/n' tried instead on input line 296.
LaTeX Font Info:    Font shape `U/lasy/b/n' in size <5> not available
(Font)              Font shape `U/lasy/m/n' tried instead on input line 296.

LaTeX Font Warning: Font shape `OT1/cmr/m/rmdefault' undefined
(Font)              using `OT1/cmr/m/n' instead on input line 296.


Overfull \hbox (5.70001pt too wide) has occurred while \output is active
| []
 []

[1{/var/lib/texmf/fonts/map/pdftex/updmap/pdftex.map}


]

Package natbib Warning: Citation `GoldmanAndYang1994' on page 2 undefined on in
put line 297.


Package natbib Warning: Citation `MuseAndGaut1994' on page 2 undefined on input
 line 297.


Package natbib Warning: Citation `YangAndNielsen1998' on page 2 undefined on in
put line 300.


Package natbib Warning: Citation `NielsenAndYang1998' on page 2 undefined on in
put line 300.


LaTeX Font Warning: Font shape `OT1/cmr/m/it' in size <10.5> not available
(Font)              size <10.95> substituted on input line 300.


Package natbib Warning: Citation `Anisimova2012' on page 2 undefined on input l
ine 302.


Package natbib Warning: Citation `YangAndNielsen2008' on page 2 undefined on in
put line 302.


Package natbib Warning: Citation `GoldmanAndYang1994' on page 2 undefined on in
put line 305.


Package natbib Warning: Citation `YangAndNielsen1998' on page 2 undefined on in
put line 305.


Package natbib Warning: Citation `NielsenAndYang1998' on page 2 undefined on in
put line 305.


Package natbib Warning: Citation `Pellmyr2002' on page 2 undefined on input lin
e 307.


Underfull \vbox (badness 10000) has occurred while \output is active []


Underfull \hbox (badness 10000) has occurred while \output is active
\OT1/cmr/m/m/10 2
 []

[2]

Package natbib Warning: Citation `HughesAndNei1988' on page 3 undefined on inpu
t line 321.


Package natbib Warning: Citation `Nowak2006' on page 3 undefined on input line 
321.


Package natbib Warning: Citation `MuseAndGaut1994' on page 3 undefined on input
 line 327.


Package natbib Warning: Citation `HalpernAndBruno1998' on page 3 undefined on i
nput line 327.


Package natbib Warning: Citation `YangAndNielsen2008' on page 3 undefined on in
put line 327.


Package natbib Warning: Citation `RodrigueEtAl2005' on page 3 undefined on inpu
t line 327.


Package natbib Warning: Citation `KoshiAndGoldstein1997' on page 3 undefined on
 input line 327.


Package natbib Warning: Citation `KoshiEtAl1999' on page 3 undefined on input l
ine 327.


Package natbib Warning: Citation `DimmicEtAl2000' on page 3 undefined on input 
line 327.


Package natbib Warning: Citation `ThorneEtAl2012' on page 3 undefined on input 
line 327.


Package natbib Warning: Citation `LartillotAndPhilippe2004' on page 3 undefined
 on input line 327.


Package natbib Warning: Citation `RodrigueAndLartillot2014' on page 3 undefined
 on input line 327.


Package natbib Warning: Citation `LartillotAndPhilippe2004' on page 3 undefined
 on input line 328.


Package natbib Warning: Citation `RodrigueAndLartillot2014' on page 3 undefined
 on input line 328.


Package natbib Warning: Citation `Wagner2005' on page 3 undefined on input line
 335.


Package natbib Warning: Citation `LynchAndMarinov2015' on page 3 undefined on i
nput line 335.


Package natbib Warning: Citation `ShahAndGilchrist2011' on page 3 undefined on 
input line 336.


Package natbib Warning: Citation `GilchristAndWagner2006' on page 3 undefined o
n input line 336.


Package natbib Warning: Citation `Gilchrist2007' on page 3 undefined on input l
ine 336.


Package natbib Warning: Citation `GilchristEtAl2009' on page 3 undefined on inp
ut line 336.


Underfull \vbox (badness 10000) has occurred while \output is active []

 [3]
Underfull \vbox (badness 10000) has occurred while \output is active []


Underfull \hbox (badness 10000) has occurred while \output is active
\OT1/cmr/m/m/10 4
 []

[4]
Underfull \hbox (badness 1603) in paragraph at lines 371--376
\OT1/cmr/m/m/10.95 our model fit. Further, including the shape parameter $\OML/
cmm/m/it/10.95 []$ \OT1/cmr/m/m/10.95 for the random effects term $\OML/cmm/m/
it/10.95 G \OMS/cmsy/m/n/10.95 ^^X
 []


Underfull \vbox (badness 10000) has occurred while \output is active []

 [5]

Package natbib Warning: Citation `JhwuengEtAl2014' on page 6 undefined on input
 line 379.


Package natbib Warning: Citation `Grantham1974' on page 6 undefined on input li
ne 392.


Underfull \vbox (badness 10000) has occurred while \output is active []


Underfull \hbox (badness 10000) has occurred while \output is active
\OT1/cmr/m/m/10 6
 []

[6]

Package natbib Warning: Citation `GoldmanEtAl1996' on page 7 undefined on input
 line 416.


Package natbib Warning: Citation `ThorneEtAl1996' on page 7 undefined on input 
line 416.


Package natbib Warning: Citation `GoldmanEtAl1998' on page 7 undefined on input
 line 416.


Package natbib Warning: Citation `HalpernAndBruno1998' on page 7 undefined on i
nput line 416.


Package natbib Warning: Citation `LartillotAndPhilippe2004' on page 7 undefined
 on input line 416.


Package natbib Warning: Citation `Endler1986a' on page 7 undefined on input lin
e 418.


Package natbib Warning: Citation `Pelmyr2002' on page 7 undefined on input line
 418.


Underfull \vbox (badness 10000) has occurred while \output is active []

 [7]

Package natbib Warning: Citation `HalpernAndBruno1998' on page 8 undefined on i
nput line 420.


Package natbib Warning: Citation `KoshiEtAl1999' on page 8 undefined on input l
ine 420.


Package natbib Warning: Citation `DimmicEtAl2000' on page 8 undefined on input 
line 420.


Package natbib Warning: Citation `KoshiAndGoldstein2001' on page 8 undefined on
 input line 420.


Package natbib Warning: Citation `RobinsonEtAl2003' on page 8 undefined on inpu
t line 420.


Package natbib Warning: Citation `LartillotAndPhilippe2004' on page 8 undefined
 on input line 420.


Package natbib Warning: Citation `ThorneEtAl2012' on page 8 undefined on input 
line 420.


Package natbib Warning: Citation `RodrigueAndLartillot2014' on page 8 undefined
 on input line 420.


Package natbib Warning: Citation `HalpernAndBruno1998' on page 8 undefined on i
nput line 421.


Package natbib Warning: Citation `LartillotAndPhilippe2004' on page 8 undefined
 on input line 423.


Package natbib Warning: Citation `RodrigueAndLartillot2014' on page 8 undefined
 on input line 423.


Package natbib Warning: Citation `HalpernAndBruno1998' on page 8 undefined on i
nput line 423.


Package natbib Warning: Citation `ThorneEtAl2012' on page 8 undefined on input 
line 436.


Package natbib Warning: Citation `RodrigueAndLartillot2014' on page 8 undefined
 on input line 436.


Underfull \vbox (badness 10000) has occurred while \output is active []


Underfull \hbox (badness 10000) has occurred while \output is active
\OT1/cmr/m/m/10 8
 []

[8]

Package natbib Warning: Citation `DrummondEtAl2005' on page 9 undefined on inpu
t line 442.


Package natbib Warning: Citation `DrummondEtAl2006a' on page 9 undefined on inp
ut line 442.


Package natbib Warning: Citation `KingEtAl2015' on page 9 undefined on input li
ne 445.


Package natbib Warning: Citation `LermanEtAl2012' on page 9 undefined on input 
line 445.


Package natbib Warning: Citation `ThieleEtAl2012' on page 9 undefined on input 
line 445.


Package natbib Warning: Citation `allison2012' on page 9 undefined on input lin
e 445.


Package natbib Warning: Citation `allison2017' on page 9 undefined on input lin
e 445.


Package natbib Warning: Citation `brown1997' on page 9 undefined on input line 
445.


Package natbib Warning: Citation `zanger2013' on page 9 undefined on input line
 445.


Package natbib Warning: Citation `Goldsmith2009' on page 9 undefined on input l
ine 449.


Underfull \vbox (badness 10000) has occurred while \output is active []

 [9]

Package natbib Warning: Citation `YangAndNielsen2008' on page 10 undefined on i
nput line 474.


Package natbib Warning: Citation `PouyetEtAl2016' on page 10 undefined on input
 line 474.


Package natbib Warning: Citation `KubatkoEtAl2016' on page 10 undefined on inpu
t line 476.


Underfull \vbox (badness 10000) has occurred while \output is active []


Underfull \hbox (badness 10000) has occurred while \output is active
\OT1/cmr/m/m/10 10
 []

[10]

Package natbib Warning: Citation `KoshiEtAl1999' on page 11 undefined on input 
line 507.


Package natbib Warning: Citation `DimmicEtAl2000' on page 11 undefined on input
 line 507.


Package natbib Warning: Citation `KoshiAndGoldstein2001' on page 11 undefined o
n input line 507.


Package natbib Warning: Citation `RobinsonEtAl2003' on page 11 undefined on inp
ut line 507.


Package natbib Warning: Citation `LartillotAndPhilippe2004' on page 11 undefine
d on input line 507.


Package natbib Warning: Citation `ThorneEtAl2012' on page 11 undefined on input
 line 507.


Package natbib Warning: Citation `RodrigueAndLartillot2014' on page 11 undefine
d on input line 507.


Underfull \vbox (badness 10000) has occurred while \output is active []

 [11]

Package natbib Warning: Citation `TuffleySteel1998' on page 12 undefined on inp
ut line 516.


Package natbib Warning: Citation `Pennyetal2001' on page 12 undefined on input 
line 516.


Package natbib Warning: Citation `Whelan2008' on page 12 undefined on input lin
e 516.


Package natbib Warning: Citation `Fisher1930' on page 12 undefined on input lin
e 529.


Package natbib Warning: Citation `Kimura1962' on page 12 undefined on input lin
e 529.


Package natbib Warning: Citation `Wright1969' on page 12 undefined on input lin
e 529.


Package natbib Warning: Citation `Iwasa1988' on page 12 undefined on input line
 529.


Package natbib Warning: Citation `BergAndLassig2003' on page 12 undefined on in
put line 529.


Package natbib Warning: Citation `SellaAndHirsh2005' on page 12 undefined on in
put line 529.


Package natbib Warning: Citation `McCandlishAndStoltzfus2014' on page 12 undefi
ned on input line 529.


Package natbib Warning: Citation `Gilchrist2007' on page 12 undefined on input 
line 533.


Package natbib Warning: Citation `ShahAndGilchrist2011' on page 12 undefined on
 input line 533.


Package natbib Warning: Citation `GilchristEtAl2015' on page 12 undefined on in
put line 533.


Underfull \vbox (badness 10000) has occurred while \output is active []


Underfull \hbox (badness 10000) has occurred while \output is active
\OT1/cmr/m/m/10 12
 []

[12]

Package natbib Warning: Citation `HalpernAndBruno1998' on page 13 undefined on 
input line 543.


Package natbib Warning: Citation `LartillotAndPhilippe2004' on page 13 undefine
d on input line 543.


Package natbib Warning: Citation `RodrigueAndLartillot2014' on page 13 undefine
d on input line 543.

LaTeX Font Info:    Calculating math sizes for size <11> on input line 549.

LaTeX Font Warning: Font shape `OT1/cmr/m/n' in size <5.5> not available
(Font)              size <5> substituted on input line 549.


LaTeX Font Warning: Font shape `OML/cmm/m/it' in size <5.5> not available
(Font)              size <5> substituted on input line 549.


LaTeX Font Warning: Font shape `OMS/cmsy/m/n' in size <5.5> not available
(Font)              size <5> substituted on input line 549.


LaTeX Font Warning: Font shape `U/lasy/m/n' in size <5.5> not available
(Font)              size <5> substituted on input line 549.


LaTeX Font Warning: Font shape `OT1/cmr/bx/n' in size <5.5> not available
(Font)              size <5> substituted on input line 549.


LaTeX Font Warning: Font shape `OML/cmm/b/it' in size <5.5> not available
(Font)              size <5> substituted on input line 549.


LaTeX Font Warning: Font shape `OMS/cmsy/b/n' in size <5.5> not available
(Font)              size <5> substituted on input line 549.

LaTeX Font Info:    Font shape `U/lasy/b/n' in size <7.69997> not available
(Font)              Font shape `U/lasy/m/n' tried instead on input line 549.
LaTeX Font Info:    Font shape `U/lasy/b/n' in size <5.5> not available
(Font)              Font shape `U/lasy/m/n' tried instead on input line 549.

LaTeX Font Warning: Font shape `U/lasy/m/n' in size <5.5> not available
(Font)              size <5> substituted on input line 549.


Package natbib Warning: Citation `Yang1994' on page 13 undefined on input line 
551.


Underfull \vbox (badness 10000) has occurred while \output is active []

 [13]

Package natbib Warning: Citation `KingEtAl2015' on page 14 undefined on input l
ine 571.


Package natbib Warning: Citation `LermanEtAl2012' on page 14 undefined on input
 line 571.


Package natbib Warning: Citation `ThieleEtAl2012' on page 14 undefined on input
 line 571.


Package natbib Warning: Citation `allison2012' on page 14 undefined on input li
ne 573.


Package natbib Warning: Citation `allison2017' on page 14 undefined on input li
ne 573.


Package natbib Warning: Citation `brown1997' on page 14 undefined on input line
 575.


Package natbib Warning: Citation `zanger2013' on page 14 undefined on input lin
e 575.


Underfull \vbox (badness 10000) has occurred while \output is active []


Underfull \hbox (badness 10000) has occurred while \output is active
\OT1/cmr/m/m/10 14
 []

[14]

Package natbib Warning: Citation `Grantham1974' on page 15 undefined on input l
ine 589.


Package natbib Warning: Citation `GilchristEtAl2015' on page 15 undefined on in
put line 604.

[15]

Package natbib Warning: Citation `Grantham1974' on page 16 undefined on input l
ine 616.


Underfull \hbox (badness 10000) has occurred while \output is active
\OT1/cmr/m/m/10 16
 []

[16]
Underfull \vbox (badness 10000) has occurred while \output is active []

 [17]

Package natbib Warning: Citation `Kimura1962' on page 18 undefined on input lin
e 672.


Package natbib Warning: Citation `Wright1969' on page 18 undefined on input lin
e 672.


Package natbib Warning: Citation `Iwasa1988' on page 18 undefined on input line
 672.


Package natbib Warning: Citation `BergAndLassig2003' on page 18 undefined on in
put line 672.


Package natbib Warning: Citation `SellaAndHirsh2005' on page 18 undefined on in
put line 672.


Package natbib Warning: Citation `Felsenstein1981' on page 18 undefined on inpu
t line 690.


Package natbib Warning: Citation `Felsenstein2001' on page 18 undefined on inpu
t line 693.


Package natbib Warning: Citation `SellaAndHirsh2005' on page 18 undefined on in
put line 697.


Underfull \hbox (badness 10000) has occurred while \output is active
\OT1/cmr/m/m/10 18
 []

[18]

LaTeX Font Warning: Font shape `OT1/cmtt/m/n' in size <10.5> not available
(Font)              size <10.95> substituted on input line 700.


Package natbib Warning: Citation `GoldmanAndYang1994' on page 19 undefined on i
nput line 702.


Package natbib Warning: Citation `YangAndNielsen2008' on page 19 undefined on i
nput line 702.


Package natbib Warning: Citation `Rowan1990' on page 19 undefined on input line
 714.


Package natbib Warning: Citation `Johnson2012' on page 19 undefined on input li
ne 714.


Package natbib Warning: Citation `BeaulieuAndOMeara2016' on page 19 undefined o
n input line 716.


Package natbib Warning: Citation `edwards1984likelihood' on page 19 undefined o
n input line 716.


Package natbib Warning: Citation `revbayes' on page 19 undefined on input line 
720.


Package natbib Warning: Citation `Yang2007' on page 19 undefined on input line 
720.


Package natbib Warning: Citation `Stamatakis2006' on page 19 undefined on input
 line 720.

[19]

Package natbib Warning: Citation `RokasEtAl2003' on page 20 undefined on input 
line 724.


Package natbib Warning: Citation `SalichosAndRokas2013' on page 20 undefined on
 input line 733.


Package natbib Warning: Citation `SalichosAndRokas2013' on page 20 undefined on
 input line 735.


Package natbib Warning: Citation `SalichosAndRokas2013' on page 20 undefined on
 input line 736.


Underfull \hbox (badness 10000) has occurred while \output is active
\OT1/cmr/m/m/10 20
 []

[20]

Package natbib Warning: Citation `GilchristEtAl2015' on page 21 undefined on in
put line 749.


Package natbib Warning: Citation `GilchristEtAl2015' on page 21 undefined on in
put line 751.


Package natbib Warning: Citation `goldman1993statistical' on page 21 undefined 
on input line 755.


Package natbib Warning: Citation `BeaulieuEtAl2013' on page 21 undefined on inp
ut line 756.


Underfull \vbox (badness 10000) has occurred while \output is active []

 [21]

Package natbib Warning: Citation `ButlerKing2004' on page 22 undefined on input
 line 779.


Package natbib Warning: Citation `OMearaetal2006' on page 22 undefined on input
 line 779.


Package natbib Warning: Citation `BeaulieuEtAl2013' on page 22 undefined on inp
ut line 779.


Package natbib Warning: Citation `posadaBuckley2004' on page 22 undefined on in
put line 783.


Package natbib Warning: Citation `SullivanJoyce2005' on page 22 undefined on in
put line 784.


Package natbib Warning: Citation `IngramMahler2013' on page 22 undefined on inp
ut line 785.


Package natbib Warning: Citation `Jhwuengetal2014' on page 22 undefined on inpu
t line 788.


Package natbib Warning: Citation `Jhwuengetal2014' on page 22 undefined on inpu
t line 789.


Underfull \vbox (badness 10000) has occurred while \output is active []


Underfull \hbox (badness 10000) has occurred while \output is active
\OT1/cmr/m/m/10 22
 []

[22] [23] (./selac.bbl)
LaTeX Font Info:    Font shape `U/lasy/b/n' in size <9> not available
(Font)              Font shape `U/lasy/m/n' tried instead on input line 831.
LaTeX Font Info:    Font shape `U/lasy/b/n' in size <7.6> not available
(Font)              Font shape `U/lasy/m/n' tried instead on input line 831.


Package natbib Warning: Citation `SalichosAndRokas2013' on page 24 undefined on
 input line 831.


Package natbib Warning: Citation `SalichosAndRokas2013' on page 24 undefined on
 input line 831.


Underfull \hbox (badness 10000) has occurred while \output is active
\OT1/cmr/m/m/10 24
 []

[24


]
<./Figures/FIGURE_1_5genes_All_UNREST_WITHGAMMA.pdf, id=105, 505.89pt x 505.89p
t>
File: ./Figures/FIGURE_1_5genes_All_UNREST_WITHGAMMA.pdf Graphic file (type pdf
)
 <use ./Figures/FIGURE_1_5genes_All_UNREST_WITHGAMMA.pdf>
Package pdftex.def Info: ./Figures/FIGURE_1_5genes_All_UNREST_WITHGAMMA.pdf use
d on input line 843.
(pdftex.def)             Requested size: 447.1169pt x 447.12209pt.


LaTeX Font Warning: Font shape `OT1/cmr/b/sc' undefined
(Font)              using `OT1/cmr/b/n' instead on input line 848.


Package natbib Warning: Citation `RokasEtAl2003' on page 25 undefined on input 
line 848.


Package natbib Warning: Citation `RokasEtAl2003' on page 25 undefined on input 
line 848.


<./Figures/FIGURE_2_SelACwG_vs_Empirical_by_spp_ALLspp.pdf, id=106, 433.62pt x 
578.16pt>
File: ./Figures/FIGURE_2_SelACwG_vs_Empirical_by_spp_ALLspp.pdf Graphic file (t
ype pdf)
 <use ./Figures/FIGURE_2_SelACwG_vs_Empirical_by_spp_ALLspp.pdf>
Package pdftex.def Info: ./Figures/FIGURE_2_SelACwG_vs_Empirical_by_spp_ALLspp.
pdf used on input line 855.
(pdftex.def)             Requested size: 447.1169pt x 596.18192pt.


Package natbib Warning: Citation `SalichosAndRokas2013' on page 25 undefined on
 input line 860.


Package natbib Warning: Citation `SalichosAndRokas2013' on page 25 undefined on
 input line 860.


Underfull \vbox (badness 10000) has occurred while \output is active []

 [25

 <./Figures/FIGURE_1_5genes_All_UNREST_WITHGAMMA.pdf>]
<./Figures/FIGURE_3_MutSelOmega_vs_Us_ROC_Scer_only.pdf, id=119, 578.16pt x 578
.16pt>
File: ./Figures/FIGURE_3_MutSelOmega_vs_Us_ROC_Scer_only.pdf Graphic file (type
 pdf)
 <use ./Figures/FIGURE_3_MutSelOmega_vs_Us_ROC_Scer_only.pdf>
Package pdftex.def Info: ./Figures/FIGURE_3_MutSelOmega_vs_Us_ROC_Scer_only.pdf
 used on input line 867.
(pdftex.def)             Requested size: 447.1169pt x 447.1166pt.


Package natbib Warning: Citation `SalichosAndRokas2013' on page 26 undefined on
 input line 870.


Package natbib Warning: Citation `SalichosAndRokas2013' on page 26 undefined on
 input line 870.


Underfull \vbox (badness 10000) has occurred while \output is active []


Underfull \hbox (badness 10000) has occurred while \output is active
\OT1/cmr/m/m/10 26
 []

[26 <./Figures/FIGURE_2_SelACwG_vs_Empirical_by_spp_ALLspp.pdf>]

pdfTeX warning: /usr/bin/pdflatex (file ./Figures/FIGURE_4_Inferred_Tree_AND_Mo
del_Adequacy.pdf): PDF inclusion: found PDF version <1.7>, but at most version 
<1.5> allowed

<./Figures/FIGURE_4_Inferred_Tree_AND_Model_Adequacy.pdf, id=131, 578.16pt x 57
8.16pt>
File: ./Figures/FIGURE_4_Inferred_Tree_AND_Model_Adequacy.pdf Graphic file (typ
e pdf)
 <use ./Figures/FIGURE_4_Inferred_Tree_AND_Model_Adequacy.pdf>
Package pdftex.def Info: ./Figures/FIGURE_4_Inferred_Tree_AND_Model_Adequacy.pd
f used on input line 877.
(pdftex.def)             Requested size: 447.1169pt x 447.1166pt.


Package natbib Warning: Citation `SalichosAndRokas2013' on page 27 undefined on
 input line 880.


Package natbib Warning: Citation `SalichosAndRokas2013' on page 27 undefined on
 input line 880.


Underfull \vbox (badness 10000) has occurred while \output is active []

 [27 <./Figures/FIGURE_3_MutSelOmega_vs_Us_ROC_Scer_only.pdf>]
Underfull \hbox (badness 10000) has occurred while \output is active
\OT1/cmr/m/m/10 28
 []

[28 <./Figures/FIGURE_4_Inferred_Tree_AND_Model_Adequacy.pdf>]
<./Figures/FIGURE_S1_SelACwG_vs_ROC_by_spp_ALLspp.pdf, id=194, 433.62pt x 578.1
6pt>
File: ./Figures/FIGURE_S1_SelACwG_vs_ROC_by_spp_ALLspp.pdf Graphic file (type p
df)
 <use ./Figures/FIGURE_S1_SelACwG_vs_ROC_by_spp_ALLspp.pdf>
Package pdftex.def Info: ./Figures/FIGURE_S1_SelACwG_vs_ROC_by_spp_ALLspp.pdf u
sed on input line 910.
(pdftex.def)             Requested size: 447.1169pt x 596.18192pt.


Package natbib Warning: Citation `GilchristEtAl2015' on page S1 undefined on in
put line 914.


Package natbib Warning: Citation `SalichosAndRokas2013' on page S1 undefined on
 input line 914.


Package natbib Warning: Citation `GilchristEtAl2015' on page S1 undefined on in
put line 914.


Package natbib Warning: Citation `SalichosAndRokas2013' on page S1 undefined on
 input line 914.


<./Figures/FIGURE_S2_Empirical_vs_ROC_by_spp_ALLspp.pdf, id=195, 433.62pt x 578
.16pt>
File: ./Figures/FIGURE_S2_Empirical_vs_ROC_by_spp_ALLspp.pdf Graphic file (type
 pdf)
 <use ./Figures/FIGURE_S2_Empirical_vs_ROC_by_spp_ALLspp.pdf>
Package pdftex.def Info: ./Figures/FIGURE_S2_Empirical_vs_ROC_by_spp_ALLspp.pdf
 used on input line 921.
(pdftex.def)             Requested size: 447.1169pt x 596.18192pt.


Package natbib Warning: Citation `GilchristEtAl2015' on page S1 undefined on in
put line 924.


Package natbib Warning: Citation `SalichosAndRokas2013' on page S1 undefined on
 input line 924.


Package natbib Warning: Citation `GilchristEtAl2015' on page S1 undefined on in
put line 924.


Package natbib Warning: Citation `SalichosAndRokas2013' on page S1 undefined on
 input line 924.

[1

]
Underfull \hbox (badness 10000) has occurred while \output is active
\OT1/cmr/m/m/10 S2
 []

[2 <./Figures/FIGURE_S1_SelACwG_vs_ROC_by_spp_ALLspp.pdf>]

Package natbib Warning: Citation `MayroseEtAl2005' on page S3 undefined on inpu
t line 933.

[3 <./Figures/FIGURE_S2_Empirical_vs_ROC_by_spp_ALLspp.pdf>]
<./Figures/FIGURE_S3_5genes_ALL_UNREST_Selac_NoG.pdf, id=222, 505.89pt x 505.89
pt>
File: ./Figures/FIGURE_S3_5genes_ALL_UNREST_Selac_NoG.pdf Graphic file (type pd
f)
 <use ./Figures/FIGURE_S3_5genes_ALL_UNREST_Selac_NoG.pdf>
Package pdftex.def Info: ./Figures/FIGURE_S3_5genes_ALL_UNREST_Selac_NoG.pdf us
ed on input line 938.
(pdftex.def)             Requested size: 447.1169pt x 447.12209pt.

<./Figures/FIGURE_S4_5genes_alpha_beta_UNREST_Selac_NoG.pdf, id=223, 578.16pt x
 578.16pt>
File: ./Figures/FIGURE_S4_5genes_alpha_beta_UNREST_Selac_NoG.pdf Graphic file (
type pdf)
 <use ./Figures/FIGURE_S4_5genes_alpha_beta_UNREST_Selac_NoG.pdf>
Package pdftex.def Info: ./Figures/FIGURE_S4_5genes_alpha_beta_UNREST_Selac_NoG
.pdf used on input line 946.
(pdftex.def)             Requested size: 447.1169pt x 447.1166pt.

Underfull \vbox (badness 10000) has occurred while \output is active []


Underfull \hbox (badness 10000) has occurred while \output is active
\OT1/cmr/m/m/10 S4
 []

[4 <./Figures/FIGURE_S3_5genes_ALL_UNREST_Selac_NoG.pdf>]
<./Figures/FIGURE_S5_5genes_alpha_beta_gammashape_UNREST_WITHGAMMA.pdf, id=234,
 578.16pt x 578.16pt>
File: ./Figures/FIGURE_S5_5genes_alpha_beta_gammashape_UNREST_WITHGAMMA.pdf Gra
phic file (type pdf)

<use ./Figures/FIGURE_S5_5genes_alpha_beta_gammashape_UNREST_WITHGAMMA.pdf>
Package pdftex.def Info: ./Figures/FIGURE_S5_5genes_alpha_beta_gammashape_UNRES
T_WITHGAMMA.pdf used on input line 956.
(pdftex.def)             Requested size: 447.1169pt x 447.1166pt.

Underfull \vbox (badness 10000) has occurred while \output is active []

 [5 <./Figures/FIGURE_S4_5genes_alpha_beta_UNREST_Selac_NoG.pdf>]

Package natbib Warning: There were undefined citations.


Underfull \hbox (badness 10000) has occurred while \output is active
\OT1/cmr/m/m/10 S6
 []

[6 <./Figures/FIGURE_S5_5genes_alpha_beta_gammashape_UNREST_WITHGAMMA.pdf>]
(./selac.aux)

LaTeX Font Warning: Size substitutions with differences
(Font)              up to 1.0pt have occurred.


LaTeX Font Warning: Some font shapes were not available, defaults substituted.

 ) 
Here is how much of TeX's memory you used:
 6404 strings out of 494953
 84533 string characters out of 6180977
 175066 words of memory out of 5000000
 9473 multiletter control sequences out of 15000+600000
 31919 words of font info for 128 fonts, out of 8000000 for 9000
 23 hyphenation exceptions out of 8191
 38i,12n,43p,1098b,308s stack positions out of 5000i,500n,10000p,200000b,80000s
</usr/share/texlive/texmf-dist/fonts/type1/public/amsfonts/cm/cmb10.pfb></usr
/share/texlive/texmf-dist/fonts/type1/public/amsfonts/cmextra/cmbsy8.pfb></usr/
share/texlive/texmf-dist/fonts/type1/public/amsfonts/cm/cmbx10.pfb></usr/share/
texlive/texmf-dist/fonts/type1/public/amsfonts/cm/cmbx12.pfb></usr/share/texliv
e/texmf-dist/fonts/type1/public/amsfonts/cm/cmbx9.pfb></usr/share/texlive/texmf
-dist/fonts/type1/public/amsfonts/cm/cmex10.pfb></usr/share/texlive/texmf-dist/
fonts/type1/public/amsfonts/cm/cmmi10.pfb></usr/share/texlive/texmf-dist/fonts/
type1/public/amsfonts/cm/cmmi5.pfb></usr/share/texlive/texmf-dist/fonts/type1/p
ublic/amsfonts/cm/cmmi7.pfb></usr/share/texlive/texmf-dist/fonts/type1/public/a
msfonts/cm/cmmi8.pfb></usr/share/texlive/texmf-dist/fonts/type1/public/amsfonts
/cm/cmmi9.pfb></usr/share/texlive/texmf-dist/fonts/type1/public/amsfonts/cm/cmm
ib10.pfb></usr/share/texlive/texmf-dist/fonts/type1/public/amsfonts/cm/cmr10.pf
b></usr/share/texlive/texmf-dist/fonts/type1/public/amsfonts/cm/cmr12.pfb></usr
/share/texlive/texmf-dist/fonts/type1/public/amsfonts/cm/cmr5.pfb></usr/share/t
exlive/texmf-dist/fonts/type1/public/amsfonts/cm/cmr7.pfb></usr/share/texlive/t
exmf-dist/fonts/type1/public/amsfonts/cm/cmr8.pfb></usr/share/texlive/texmf-dis
t/fonts/type1/public/amsfonts/cm/cmr9.pfb></usr/share/texlive/texmf-dist/fonts/
type1/public/amsfonts/cm/cmss10.pfb></usr/share/texlive/texmf-dist/fonts/type1/
public/amsfonts/cm/cmss8.pfb></usr/share/texlive/texmf-dist/fonts/type1/public/
amsfonts/cm/cmsy10.pfb></usr/share/texlive/texmf-dist/fonts/type1/public/amsfon
ts/cm/cmsy7.pfb></usr/share/texlive/texmf-dist/fonts/type1/public/amsfonts/cm/c
msy8.pfb></usr/share/texlive/texmf-dist/fonts/type1/public/amsfonts/cm/cmsy9.pf
b></usr/share/texlive/texmf-dist/fonts/type1/public/amsfonts/cm/cmti10.pfb></us
r/share/texlive/texmf-dist/fonts/type1/public/amsfonts/cm/cmti9.pfb></usr/share
/texlive/texmf-dist/fonts/type1/public/amsfonts/cm/cmtt10.pfb></usr/share/texli
ve/texmf-dist/fonts/type1/public/amsfonts/symbols/msbm10.pfb></usr/share/texliv
e/texmf-dist/fonts/type1/public/amsfonts/symbols/msbm7.pfb>
Output written on selac.pdf (34 pages, 528441 bytes).
PDF statistics:
 344 PDF objects out of 1000 (max. 8388607)
 249 compressed objects within 3 object streams
 0 named destinations out of 1000 (max. 500000)
 46 words of extra memory for PDF output out of 10000 (max. 10000000)

